<?xml version="1.0" encoding="UTF-8"?>
<!-- Generated by org.testng.reporters.JUnitReportReporter -->
<testsuite skipped="0" hostname="NGBLR-00764" name="scripts.TestValidLogin" tests="1" failures="0" timestamp="26 Jun 2018 18:18:46 GMT" time="5.423" errors="0">
  <testcase name="testValidLogin" time="5.423" classname="scripts.TestValidLogin"/>
</testsuite> <!-- scripts.TestValidLogin -->
