<?xml version="1.0" encoding="UTF-8"?>
<!-- Generated by org.testng.reporters.JUnitReportReporter -->
<testsuite skipped="0" hostname="NGBLR-00764" name="scripts.TestValidLogin" tests="1" failures="0" timestamp="28 Jun 2018 04:22:26 GMT" time="7.578" errors="0">
  <testcase name="testValidLogin" time="7.578" classname="scripts.TestValidLogin"/>
</testsuite> <!-- scripts.TestValidLogin -->
