<?xml version="1.0" encoding="UTF-8"?>
<!-- Generated by org.testng.reporters.JUnitReportReporter -->
<testsuite skipped="1" hostname="NGBLR-00764" name="scripts.TestInvalidLogin" tests="1" failures="0" timestamp="11 Apr 2019 02:45:40 GMT" time="0.000" errors="0">
  <testcase name="testInvalidLogin" time="0.000" classname="scripts.TestInvalidLogin">
    <skipped/>
  </testcase> <!-- testInvalidLogin -->
</testsuite> <!-- scripts.TestInvalidLogin -->
